1533026296117	geckodriver	INFO	geckodriver 0.20.1
1533026296140	geckodriver	INFO	Listening on 127.0.0.1:58093
1533026296708	mozrunner::runner	INFO	Running command: "E:\\基本软件\\火狐\\firefox.exe" "-marionette" "-profile" "C:\\Users\\ASUS\\AppData\\Local\\Temp\\rust_mozprofile.vLEDwoLdAT1w"
Unable to read VR Path Registry from C:\Users\ASUS\AppData\Local\openvr\openvrpaths.vrpath
Unable to read VR Path Registry from C:\Users\ASUS\AppData\Local\openvr\openvrpaths.vrpath
Unable to read VR Path Registry from C:\Users\ASUS\AppData\Local\openvr\openvrpaths.vrpath
IPDL protocol error: Handler returned error code!

###!!! [Parent][DispatchAsyncMessage] Error: PLayerTransaction::Msg_ReleaseLayer Processing error: message was deserialized, but the handler returned false (indicating failure)

1533026305634	Marionette	INFO	Listening on port 58100
1533026306013	Marionette	WARN	TLS certificate errors will be ignored for this session
UnaUnable to read VR Path Registry from bleC:\ toUse rers\ad ASUVR S\APatppDh Rata\Local\openvr\openvrpaths.vrpath
egistry from C:\Users\ASUS\AppData\Local\openvr\openvrpaths.vrpath
[Parent 13044, Gecko_IOThread] WARNING: pipe error: 109: file z:/build/build/src/ipc/chromium/src/chrome/common/ipc_channel_win.cc, line 346
[Parent 13044, Gecko_IOThread] WARNING: pipe error: 109: file z:/build/build/src/ipc/chromium/src/chrome/common/ipc_channel_win.cc, line 346
[Child 14312, Chrome_ChildThread] WARNING: pipe error: 109: file z:/build/build/src/ipc/chromium/src/chrome/common/ipc_channel_win.cc, line 346
[Child 14312, Chrome_ChildThread] WARNING: pipe[Child 14128, Chrome_ChildThread] WARNING: pipe error: 109: file z:/build/build/src/ipc/chromium/src/chrome/common/ipc_channel_win.cc, line 346
[Child 14128, Chrom[Parent 13044, Gecko_IOThread] WARNING: pipe error: 109: file z:/build/build/src/ipc/chromium/src/chrome/common/ipc_channel_win.cc, line 346
[Child 6212, Chrome_ChildThread] WARNING: pipe error: 109: file z:/build/build/src/ipc/chromium/src/chrome/common/ipc_channel_win.cc, line 346
[Child 6212, Chrome_ChildT[GPU 7740, Chrome_ChildThread] WARNING: pipe error: 109: file z:/buil
###!!! [Child][MessageChannel::SendAndWait] Error: Channel error: cannot send/recv

ld/build/src/ipc/chromium/src/chrome/common/ipc_channel_win.cc, line 346
[Child 14452, Chrome_ChildThread] WARNING: pipe error: 109: file z:/build/build/src/ipc/chromium/src/chrome/common/ipc_channel_win.cc, line 346
[Child 14452, Chr[Child 14440, Chrome_ChildThread] WARNING: pipe error: 109: file z:/build/build/src/ipc/chromium/src/chrome/common/ipc_channel_win.cc, line 346
[Child 14440, Chrome_Child[Parent 5392, Gecko_IOThread] WARNING: pipe error: 109: file z:/build/build/src/ipc/chromium/src/chrome/common/ipc_channel_win.cc, line 346
[Child 1584, Chrome_ChildThread] WARNING: pipe error: 109: file z:/build/build/src/ipc/chromium/src/chrome/common/ipc_channel_win.cc, line 346
[Child 1584, Chrome_Chi
###!!! [Child][MessageChannel::SendAndWait] Error: Channel error: cannot send/recv

/ipc_channel_win.cc, line 346
[Parent 7808, Gecko_IOThread] WARNING: pipe error: 109: file z:/build/build/src/ipc/chromium/src/chrome/common/ipc_channel_win.cc, line 346
[Child 6652, Chrome_ChildThread] WARNING: pipe error: 109: file z:/build/build/src/ipc/chromium/src/chrome/common/ipc_channel_win.cc, line 346
[Child 6652, Chrome_ChildThread] WA[Child 15336, Chrome_ChildThread] WARNING: pipe error: 109: file z:/build/build/src/ipc/chromium/src/chrome/common/ipc_channel_win.cc, line 346
[Child 15336, Chrome_[Parent 7808, Gecko_IOThread] WARNING: pipe error: 109: file z:/build/build/src/ipc/chromium/src/chrome/common/ipc_channel_win.cc, line 346
[Child 15248, Chrome_ChildThread] WARNING: pipe error: 109: file z:/build/build/src/ipc/chromium/src/chrome/common/ipc_channel_win.cc[Parent 16092, Gecko_IOThread] WARNING: pipe error: 109: file z:/build/build/src/ipc/chromium/src/chrome/common/ipc_channel_win.cc, line 346
[Parent 16092, Gecko_IOThread] WARNING: pipe error: 109: file z:/build/build/src/ipc/chromium/src/chrome/common/ipc_channel_win.cc, line 346
[Ch[Child 2968, Chrome_ChildThread] WARNING: pipe error: 109: file z:/build/build/src/ipc/chromium/src/chrome/common/ipc_channel_win.cc, line 346
[Child 2968, Chrome_Chil[Parent 16092, Gecko_IOThread] WARNING: pipe error: 109: file z:/build/build/src/ipc/chromium/src/chrome/common/ipc_channel_win.cc, line 346
[Child 9460, Chrome_ChildThread] WARNING: pipe error: 109: file z:/build/build/src/ipc/chromium/src/chrome/common/ipc_channel_win.cc, line 346
[Child 9460, Chrome_C[GPU 15368, Chrome_ChildThread] W
###!!! [Child][MessageChannel::SendAndWait] Error: Channel error: cannot send/recv

for this session
[Parent 10116, Gecko_IOThread] WARNING: pipe error: 109: file z:/build/build/src/ipc/chromium/src/chrome/common/ipc_channel_win.cc, line 346
[Parent 10116, Gecko_IOThread] WARNING: pipe error: 109: file z:/build/build/src/ipc/chromium/src/chrome/common/ipc_channel_win.cc, line 346
[Child 2264, Chrome_ChildThread] WARNING: pipe error: 109: file z:/build/build/src/ipc/chromium/src/chrome/common/ipc_channel_win.cc, line 346
[Child 2264, Chrome_ChildThread] WARNING: pipe error[Child 13644, Chrome_ChildThread] WARNING: pipe error: 109: file z:/build/build/src/ipc/chromium/src/chrome/common/ipc_channel_win.cc, line 346
[Child 13644, Chrome_ChildThread] [Parent 10116, Gecko_IOThread] WARNING: pipe error: 109: file z:/build/build/src/ipc/chromium/src/chrome/common/ipc_channel_win.cc, line 346
[Child 16100, Chrome_ChildThread] WARNING: pipe error: 109: file z:/build/build/src/ipc/chromium/src[Parent 16972, Gecko_IOThread] WARNING: pipe error: 109: file z:/build/build/src/ipc/chromium/src/chrome/common/ipc_channel_win.cc, line 346
[Parent 16972, Gecko_IOThread] WARNING: pipe error: 109: file z:/build/build/src/ipc/chromium/src/chrome/common/ipc_channel_win.cc, line 346
[Child 16544, Chrome_ChildThread] WARNING: pipe error: 109: file z:/build/build/src/ipc/chromium/src/chrome/common/ipc_channel_win.cc, line 346
[Child 16544, Chrome[_ChildThread] WAChild 16536, Chrome_ChildThread] WARNING: pipe error: 109: file z:/build/build/src/ipc/chromium/src/chrome/common/ipc_channel_win.cc, line 346
[Child 16536, Chro[Parent 16972, Gecko_IOThread] WARNING: pipe error: 109: file z:/build/build/src/ipc/chromium/src/chrome/common/ipc_channel_win.cc, line 346
[Child 16000, Chrome_ChildThread] WARNING: pipe error: 109: file z:/build/build/src/ipc/chromium/src/chrome/common/ipc_channel_win.[Child 18276, Chrome_ChildThread] WARNING: pipe error: 109: file z:/build/build/src/ipc/chromium/src/chrome/common/ipc_channel_win.cc, line 346
[Child 18276, Chrome_ChildThread] WARNING: pipe e[Child 18300, Chrome_ChildThread] WARNING: pipe error: 109: file z:/build/build/src/ipc/chromium/src/chrome/common/ipc_channel_win.cc, line 346
[Child 18300, Chro[Parent 17736, Gecko_IOThread] WARNING: pipe error: 109: file z:/build/build/src/ipc/chromium/src/chrome/common/ipc_channel_win.cc, line 346
[Child 18164, Chrome_ChildThread] WARNING: pipe error: 109: file z:/build/build/src/ipc/chromium/src/chrome/common/ipc_channel_win.cc, line 346
[Child 18164, Chrome_ChildThread] WARNING: pip[GPU 18024, Chrome_ChildThread] WARNING: pipe er
###!!! [Child][MessageChannel::SendAndWait] Error: Channel error: cannot send/recv

 109: file z:/build/build/src/ipc/chromium/src/chrome/common/ipc_channel_win.cc, line 346
[Child 19112, ChromeUnable to read VR Path Registry from C:\Users\ASUS\AppData\Local\openvr\openvrpaths.vrpath
Unable to read VR Path Registry from C:\Users\ASUS\AppData\Local\openvr\openvrpaths.vrpath
1533026824141	Marionette	WARN	TLS certificate errors will be ignored for this session
Unable to read VR Path Registry from C:\Users\ASUS\AppData\Local\openvr\openvrpaths.vrpath
[Parent 18644, Gecko_IOThread] WARNING: pipe error: 109: file z:/build/build/src/ipc/chromium/src/chrome/common/ipc_channel_win.cc, line 346
[Parent 18644, Gecko_IOThread] WARNING: pipe error: 109: file z:/build/build/src/ipc/chromium/src/chrome/common/ipc_channel_win.cc, line 346
[Parent 18644, Gecko_IOThread] WARNING: pipe error: 109: file z:/build/build/src/ipc/chromium/src/chrome/common/ipc_channel_win.cc, line 346
[Child 19208, Chrome_ChildThread] WARNING: pipe error: 109: file z:/build/build/src/ipc/chromium/src/chrome/common/ipc_channel_win.cc, line 346
[Child 19208, Chrome_ChildThread] WARN[CING:hild 19280, Chrome_ChildThread] WARNING: pipe error: 109: file z:/build/build/src/ipc/chromium/src/chrome/common/ipc_channel_win.cc, line 346
 pipe er[Child 19280, Chrome_ChildThread] WARNING: pipe error: 109: file z:/build/build/src/ipc/chromium/src/chrome/common/ipc_channel_win.cc, [Parent 18744, Gecko_IOThread] WARNING: pipe error: 109: file z:/build/build/src/ipc/chromium/src/chrome/common/ipc_channel_win.cc, line 346
[Parent 18744, Gecko_IOThread] WARNING: pipe error: 109: file z:/build/build/src/ipc/chromium/src/chrome/common/ipc_channel_win.cc, line 346
[Child 19972, Chrome_ChildThread] WARNING: pipe error: 109: file z:/build/build/src/ipc/chromium/src/chrome/common/ipc_channel_win.cc, line 346
[Child 19972, Chrome_ChildThread] WAR[Child 19936, Chrome_ChildThread] WARNING: pipe error: 109: file z:/build/build/src/ipc/chromium/src/chrome/common/ipc_channel_win.cc, line 346
[Child 19936, Chrome_ChildThread] WARNING: pipe error: 109: file z:/build/build/src/ipc/chro[Parent 18744, Gecko_IOThread] WARNING: pipe error: 109: file z:/build/build/src/ipc/chromium/src/chrome/common/ipc_channel_win.cc, line 346
[Child 19808, Chrome_ChildThread] WARNING: pipe error: 1[Parent 19768, Gecko_IOThread] WARNING: pipe error: 109: file z:/build/build/src/ipc/chromium/src/chrome/common/ipc_channel_win.cc, line 346
[Parent 19768, Gecko_IOThread] WARNING: pipe error: 109: file z:/build/build/src/ipc/chromium/src/chrome/common/ipc_channel_win.cc, line 346
[Child 20540, Chrome_ChildThread] WARNING: pipe error: 109: file z:/build/build/src/ipc/chromium/src/chrome/common/ipc_channel_win.cc, line 346
[Child 20540, Chrome_Chi[Child 20548, Chrome_ChildThread] WARNING: pipe error: 109: file z:/build/build/src/ipc/chromium/src/chrome/common/ipc_channel_win.cc, line 346
[Child 20548, Chrome_Ch[Parent 19768, Gecko_IOThread] WARNING: pipe error: 109: file z:/build/build/src/ipc/chromium/src/chrome/common/ipc_channel_win.cc, line 346
[Child 16692, Chrome_ChildThread] WARNING: pipe error: 109: file z:/build/build/src/ipc/chromium/src/chrome/common/ipc_channel_win.cc, line 346
[Child 16692, Chrome_Chi[GPU 17712, Chrome_Child
###!!! [Child][MessageChannel::SendAndWait] Error: Channel error: cannot send/recv


[Child 21252, Chrome_Ch[Child 18136, Chrome_ChildThread] WARNING: pipe error: 109: file z:/build/build/src/ipc/chromium/src/chrome/common/ipc_channel_win.cc, line 346
[Child 18136, Chrome_ChildThread] WARNING: pipe erro[Parent 21120, Gecko_IOThread] WARNING: pipe error: 109: file z:/build/build/src/ipc/chromium/src/chrome/common/ipc_channel_win.cc, line 346
[Child 20896, Chrome_ChildThread] WARNING: pipe error: 109: file z:/build/build/src/ipc/chromium/src/chrome/common/ipc_channel_win.cc, line 346
[Child 20896, Chrome_ChildThread] W*** UTM:SVC TimerManager:registerTimer called after profile-before-change notification. Ignoring timer registration for id: telemetry_modules_ping
[GPU 21416, Chro
###!!! [Child][MessageChannel::SendAndWait] Erro[Parent 21852, Gecko_IOThread] WARNING: pipe error: 109: file z:/build/build/src/ipc/chromium/src/chrome/common/ipc_channel_win.cc, line 346
[Parent 21852, Gecko_IOThread] WARNING: pipe error: 109: file z:/build/build/src/ipc/chromium/src/chrome/common/ipc_channel_win.cc, line 346
[Child 22476, Chrome_ChildThread] WARNING: pipe error: 109: file z:/build/build/src/ipc/chromium/src/chrome/common/ipc_channel_win.cc, line 346
[Child 22484, Chrome_ChildThread] WARNING: pipe error: 109: file z:/build/build/src/ipc/chromium/src/chrome/common/ipc_channel_win.cc, line 346
[Child 22484, Chrome_Chil[Parent 21852, Gecko_IOThread] WARNING: pipe error: 109: file z:/build/build/src/ipc/chromium/src/chrome/common/ipc_channel_win.cc, line 346
[Child 22308, Chrome_ChildThread] WARNING: pipe error: 109: file z:/build/build/src/ipc/chromium/src/chrome/common/ipc_channel_win.cc, line 346
[Child 22308, Chrome_Chil[GPU 2215
###!!! [Child][MessageChannel::SendAndWait] Error: Channel error: cannot send/recv

1533027828485	geckodriver	INFO	geckodriver 0.20.1
1533027828493	geckodriver	INFO	Listening on 127.0.0.1:61769
1533027829006	mozrunner::runner	INFO	Running command: "E:\\基本软件\\火狐\\firefox.exe" "-marionette" "-profile" "C:\\Users\\ASUS\\AppData\\Local\\Temp\\rust_mozprofile.zpIYfplAVuXB"
Unable to read VR Path Registry from C:\Users\ASUS\AppData\Local\openvr\openvrpaths.vrpath
Unable to read VR Path Registry from C:\Users\ASUS\AppData\Local\openvr\openvrpaths.vrpath
Unable to read VR Path Registry from C:\Users\ASUS\AppData\Local\openvr\openvrpaths.vrpath
Unable to read VR Path Registry from C:\Users\ASUS\AppData\Local\openvr\openvrpaths.vrpath
Unable to read VR Path Registry from C:\Users\ASUS\AppData\Local\openvr\openvrpaths.vrpath
1533027830695	Marionette	INFO	Listening on port 61776
1533027831182	Marionette	WARN	TLS certificate errors will be ignored for this session
[Parent 21276, Gecko_IOThread] WARNING: pipe error: 109: file z:/build/build/src/ipc/chromium/src/chrome/common/ipc_channel_win.cc, line 346
[Parent 21276, Gecko_IOThread] WARNING: pipe error: 109: file z:/build/build/src/ipc/chromium/src/chrome/common/ipc_channel_win.cc, line 346
[Child 20684, Chrome_ChildThread] WARNING: pipe error: 109: file z:/build/build/src/ipc/chromium/src/chrome/common/ipc_channel_win.cc, line 346
[Chi[Child 2ld 20684, Ch0812, Chrome_ChildThread] WARNING: pipe error: 109: file z:/build/build/src/ipc/chromium/src/chrome/common/ipc_channel_win.cc, line 346
[Child 20812, Chrome_ChildThread] WARNING: pipe error:[Parent 21276, Gecko_IOThread] WARNING: pipe error: 109: file z:/build/build/src/ipc/chromium/src/chrome/common/ipc_channel_win.cc, line 346
[GPU 22208, Chrome_ChildThread]
###!!! [Child][MessageChannel::SendAndWait] Error: Channel error: cannot send/recv

ent 20472, Gecko_IOThread] WARNING: pipe error: 109: file z:/build/build/src/ipc/chromium/src/chrome/common/ipc_channel_win.cc, line 346
[Child 5904, Chrome_ChildThread] WARNING: pipe error: 109: file z:/build/build/src/ipc/chromium/src/chrome/common/ipc_channel_win.cc, line 346
[Child 5904, Chrome_ChildTh[Child 11856, Chrome_ChildThread] WARNING: pipe error: 109: file z:/build/build/src/ipc/chromium/src/chrome/common/ipc_channel_win.cc, line 346
[Child 11856, Chrome_Chil[Parent 20472, Gecko_IOThread] WARNING: pipe error: 109: file z:/build/build/src/ipc/chromium/src/chrome/common/ipc_channel_win.cc, line 346
[Child 5040, Chrome_ChildThread] WARNING: pipe error: 109: file z:/build/build/src/ipc/chromium/src/chrome/common/ipc_channel_win.cc, line 346
[Child 5040, Chrome[GPU 13636, Chrom
###!!! [Child][MessageChannel::SendAndWait] Error: Channel error: cannot send/recv

ession
[Parent 22124, Gecko_IOThread] WARNING: pipe error: 109: file z:/build/build/src/ipc/chromium/src/chrome/common/ipc_channel_win.cc, line 346
[Parent 22124, Gecko_IOThread] WARNING: pipe error: 109: file z:/build/build/src/ipc/chromium/src/chrome/common/ipc_channel_win.cc, line 346
[Child 15808, Chrome_ChildThread] WARNING: pipe error: 109: file z:/build/build/src/ipc/chromium/src/chrome/common/ipc_channel_win.cc, line 346
[Child 15808, Chrom[Child 18768, Chrome_ChildThread] WARNING: pipe error: 109: file z:/build/build/src/ipc/chromium/src/chrome/common/ipc_channel_win.cc, line 346
[Child 18768, Chrome_ChildTh[Parent 22124, Gecko_IOThread] WARNING: pipe error: 109: file z:/build/build/src/ipc/chromium/src/chrome/common/ipc_channel_win.cc, line 346
[GPU 15604, Chrome_ChildThread] WARNING: pipe
###!!! [Child][MessageChannel::SendAndWait] Error: Channel error: cannot send/recv

ion
[Parent 15256, Gecko_IOThread] WARNING: pipe error: 109: file z:/build/build/src/ipc/chromium/src/chrome/common/ipc_channel_win.cc, line 346
[Child 17900, Chrome_ChildThread] WARNING: pipe error: 109: file z:/build/build/src/ipc/chromium/src/chrome/common/ipc_channel_win.cc, line 346
[Child 17900, Chrome_ChildThr[Child 14576, Chrome_ChildThread] WARNING: pipe error: 109: file z:/build/build/src/ipc/chromium/src/chrome/common/ipc_channel_win.cc, line 346
[Child 14576, Chrome_ChildThread] WARNING: pipe error: 109: file z:/build/build/src/ipc/chromium/src/chrome/com[Parent 15256, Gecko_IOThread] WARNING: pipe error: 109: file z:/build/build/src/ipc/chromium/src/chrome/common/ipc_channel_win.cc, line 346
[GPU 14568, Chrome_ChildThread] WARNING: 
###!!! [Child][MessageChannel::SendAndWait] Error: Channel error: cannot send/recv

	TLS certificate errors will be ignored for this session
[Parent 15936, Gecko_IOThread] WARNING: pipe error: 109: file z:/build/build/src/ipc/chromium/src/chrome/common/ipc_channel_win.cc, line 346
[Parent 15936, Gecko_IOThread] WARNING: pipe error: 109: file z:/build/build/src/ipc/chromium/src/chrome/common/ipc_channel_win.cc, line 346
[Child 15916, Chrome_ChildThread] WARNING: pipe error: 109: file z:/build/build/src/ipc/chromium/src/chrome/common/ipc_channel_win.cc, line 346
[Child 15916, Chrome_ChildThread] WARNING:[Child 15812, Chrome_ChildThread] WARNING: pipe error: 109: file z:/build/build/src/ipc/chromium/src/chrome/common/ipc_channel_win.cc, line 346
[Child 15812, Chrom[Parent 15936, Gecko_IOThread] WARNING: pipe error: 109: file z:/build/build/src/ipc/chromium/src/chrome/common/ipc_channel_win.cc, line 346
[GPU 5892
###!!! [Child][MessageChannel::SendAndWait] Error: Channel error: cannot send/recv

 ignored for this session
[Parent 14472, Gecko_IOThread] WARNING: pipe error: 109: file z:/build/build/src/ipc/chromium/src/chrome/common/ipc_channel_win.cc, line 346
[Parent 14472, Gecko_IOThread] WARNING: pipe error: 109: file z:/build/build/src/ipc/chromium/src/chrome/common/ipc_channel_win.cc, line 346
[Child 13944, Chrome_ChildThread] WARNING: pipe error: 109: file z:/build/build/src/ipc/chromium/src/chrome/common/ipc_channel_win.cc, line 346
[Child 13944, Chrome_ChildThread] WARNING: pipe error: 109: file z:/build/build/src/ipc/[Child 13688, Chrome_ChildThread] WARNING: pipe error: 109: file z:/build/build/src/ipc/chromium/src/chrome/common/ipc_channel_win.cc, line 346
[Child 13688, Chrome_Ch[Parent 14472, Gecko_IOThread] WARNING: pipe error: 109: file z:/build/build/src/ipc/chromium/src/chrome/common/ipc_channel_win.cc, line 346
[Child 14636, Chrome_ChildThread] WARNING: pipe error: 109: file z:/build/[Parent 13252, Gecko_IOThread] WARNING: pipe error: 109: file z:/build/build/src/ipc/chromium/src/chrome/common/ipc_channel_win.cc, line 346
[Child 18988, Chrome_ChildThread] WARNING: pipe error: 109: file z:/build/build/src/ipc/chromium/src/chrome/common/ipc_channel_win.cc, line 346
[Child 18988, Chrome_ChildThread] WARNING: pipe error: 109: file z:/build/build/src[Child 8512, Chrome_ChildThread] WARNING: pipe error: 109: file z:/build/build/src/ipc/chromium/src/chrome/common/ipc_channel_win.cc, line 346
[Child 8512, Chrome_ChildThread] WARNING: pipe error: 109: file z:/build/build/src/ipc/chromium/src/chrome/common/ipc_channel_win.cc, line 34[Parent 13252, Gecko_IOThread] WARNING: pipe error: 109: file z:/build/build/src/ipc/chromium/src/chrome/common/ipc_channel_win.cc, line 346
[Child 19548, Chrome_ChildThread] WARNING: pipe error: 109: file z:/build/build/src/ipc/chromium/src/chrome/common/ipc_channel_win.cc, line 346
[Child 19548, Chrome_C[GPU 18928, Chrome_ChildThread] WARNING: pipe error: 109: f
###!!! [Child][MessageChannel::SendAndWait] Error: Channel error: cannot send/recv

uild/build/src/ipc/chromium/src/chrome/common/ipc_channel_win.cc, line 346
[Child 7156, Chrome_ChildThread] W[Child 12224, Chrome_ChildThread] WARNING: pipe error: 109: file z:/build/build/src/ipc/chromium/src/chrome/common/ipc_channel_win.cc, line 346
[Child 12224, Ch[Parent 15200, Gecko_IOThread] WARNING: pipe error: 109: file z:/build/build/src/ipc/chromium/src/chrome/common/ipc_channel_win.cc, line 346
[Child 5028, Chrome_ChildThread] WARNING: pipe error: 109: file z:/build/build/src/ipc/chromium/src/chrome/common/ipc_channel_win.cc, line 346
[Child 5028, Chrome_ChildT*** UTM:SVC TimerManager:registerTimer called after profile-before-change notification. Ignoring timer registration for id: telemetry_modules_ping
[GPU 4980, Chrome_ChildThread] WARNING: pipe erro
###!!! [Child][MessageChannel::SendAndWait] Error: Channel error: cannot send/recv

1533028198173	geckodriver	INFO	geckodriver 0.20.1
1533028198173	geckodriver	INFO	Listening on 127.0.0.1:63127
1533028198725	mozrunner::runner	INFO	Running command: "E:\\基本软件\\火狐\\firefox.exe" "-marionette" "-profile" "C:\\Users\\ASUS\\AppData\\Local\\Temp\\rust_mozprofile.LrvkpJO6byHh"
Unable to read VR Path Registry from C:\Users\ASUS\AppData\Local\openvr\openvrpaths.vrpath
Unable to read VR Path Registry from C:\Users\ASUS\AppData\Local\openvr\openvrpaths.vrpath
Unable to read VR Path Registry from C:\Users\ASUS\AppData\Local\openvr\openvrpaths.vrpath
Unable to read VR Path Registry from C:\Users\ASUS\AppData\Local\openvr\openvrpaths.vrpath
Unable to read VR Path Registry from C:\Users\ASUS\AppData\Local\openvr\openvrpaths.vrpath
1533028200379	Marionette	INFO	Listening on port 63132
1533028200895	Marionette	WARN	TLS certificate errors will be ignored for this session
[Parent 21820, Gecko_IOThread] WARNING: pipe error: 109: file z:/build/build/src/ipc/chromium/src/chrome/common/ipc_channel_win.cc, line 346
[Child 20948, Chrome_ChildThread] WARNING: pipe error: 109: file z:/build/build/src/ipc/chromium/src/chrome/common/ipc_channel_win.cc, line 346
[Child 20948, Chrome[Child 18444, Chrome_ChildThread] WARNING: pipe error: 109: file z:/build/build/src/ipc/chromium/src/chrome/common/ipc_channel_win.cc, line 346
[Child 18444, Chrome_ChildThread] WARNING: pipe error: 1[Parent 21820, Gecko_IOThread] WARNING: pipe error: 109: file z:/build/build/src/ipc/chromium/src/chrome/common/ipc_channel_win.cc, line 346
[Child 8528, Chrome_ChildThread] WARNING: pipe error: 109: file z:/build/build/src/ipc/chromium/src/chrome/common/ipc_channel_win.cc, line 346
[Child 8528, Chrome_C*** UTM:SVC TimerManager:registerTimer called after profile-before-change notification. Ignoring timer registration for id: telemetry_modules_ping
[GPU 10024, Chrome_ChildThread] WARNING: pipe
###!!! [Child][MessageChannel::SendAndWait] Error: Channel error: cannot send/recv

1533028203424	geckodriver	INFO	geckodriver 0.20.1
1533028203440	geckodriver	INFO	Listening on 127.0.0.1:63176
1533028203956	mozrunner::runner	INFO	Running command: "E:\\基本软件\\火狐\\firefox.exe" "-marionette" "-profile" "C:\\Users\\ASUS\\AppData\\Local\\Temp\\rust_mozprofile.B4Jz6bZsZhMS"
Unable to read VR Path Registry from C:\Users\ASUS\AppData\Local\openvr\openvrpaths.vrpath
Unable to read VR Path Registry from C:\Users\ASUS\AppData\Local\openvr\openvrpaths.vrpath
Unable to read VR Path Registry from C:\Users\ASUS\AppData\Local\openvr\openvrpaths.vrpath
Unable to read VR Path Registry from C:\Users\ASUS\AppData\Local\openvr\openvrpaths.vrpath
Unable to read VR Path Registry from C:\Users\ASUS\AppData\Local\openvr\openvrpaths.vrpath
1533028205754	Marionette	INFO	Listening on port 63182
1533028206100	Marionette	WARN	TLS certificate errors will be ignored for this session
[Child 13348, Chrome_ChildThread] WARNING: pipe error: 109: file z:/build/build/src/ipc/chromium/src/chrome/common/ipc_channel_win.cc, line 346
[Child 10256, Chrome_ChildThread] WARNING: pipe error: 109: file z:/build/build/src/ipc/chromium/src/chrome/common/ipc_channel_win.cc, line 346
[Child 10256, Chrome_C[Parent 9756, Gecko_IOThread] WARNING: pipe error: 109: file z:/build/build/src/ipc/chromium/src/chrome/common/ipc_channel_win.cc, line 346
[Child 5760, Chrome_ChildThread] WARNING: pipe error: 109: file z:/build/build/src/ipc/chromium/src/chrome/common/ipc_channel_win.cc, line 346
[Child 5760, Chrome_Chil*** UTM:SVC TimerManager:registerTimer called after profile-before-change notification. Ignoring timer registration for id: telemetry_modules_ping
[GPU 9320, Chrome_
###!!! [Child][MessageChannel::SendAndWait] Error: Channel error: cannot send/recv

1533028207910	geckodriver	INFO	geckodriver 0.20.1
1533028207917	geckodriver	INFO	Listening on 127.0.0.1:63219
1533028208440	mozrunner::runner	INFO	Running command: "E:\\基本软件\\火狐\\firefox.exe" "-marionette" "-profile" "C:\\Users\\ASUS\\AppData\\Local\\Temp\\rust_mozprofile.9RPvZZnDpPQi"
Unable to read VR Path Registry from C:\Users\ASUS\AppData\Local\openvr\openvrpaths.vrpath
Unable to read VR Path Registry from C:\Users\ASUS\AppData\Local\openvr\openvrpaths.vrpath
1533028728736	geckodriver	INFO	geckodriver 0.20.1
1533028728739	geckodriver	INFO	Listening on 127.0.0.1:64638
1533028729294	mozrunner::runner	INFO	Running command: "E:\\基本软件\\火狐\\firefox.exe" "-marionette" "-profile" "C:\\Users\\ASUS\\AppData\\Local\\Temp\\rust_mozprofile.3tMRXToPInZo"
Unable to read VR Path Registry from C:\Users\ASUS\AppData\Local\openvr\openvrpaths.vrpath
Unable to read VR Path Registry from C:\Users\ASUS\AppData\Local\openvr\openvrpaths.vrpath
Unable to read VR Path Registry from C:\Users\ASUS\AppData\Local\openvr\openvrpaths.vrpath
Unable to read VR Path Registry from C:\Users\ASUS\AppData\Local\openvr\openvrpaths.vrpath
Unable to read VR Path Registry from C:\Users\ASUS\AppData\Local\openvr\openvrpaths.vrpath
1533028730849	Marionette	INFO	Listening on port 64643
1533028731441	Marionette	WARN	TLS certificate errors will be ignored for this session
[Parent 20356, Gecko_IOThread] WARNING: pipe error: 109: file z:/build/build/src/ipc/chromium/src/chrome/common/ipc_channel_win.cc, line 346
[Parent 20356, Gecko_IOThread] WARNING: pipe error: 109: file z:/build/build/src/ipc/chromium/src/chrome/common/ipc_channel_win.cc, line 346
[Child 21940, Chrome_ChildThread] WARNING: pipe error: 109: file z:/build/build/src/ipc/chromium/src/chrome/common/ipc_channel_win.cc, line 346
[Child 21940, Chrome_ChildThread] WARNING:[Parent 20356, Gecko_IOThread] WARNING: pipe error: 109: file z:/build/build/src/ipc/chromium/src/chrome/common/ipc_channel_win.cc, line 346
[Child 13484, Chrome_ChildThread] WARNING: pipe error: 109: file z:/build/build/src/ipc/chromium/src/chrome/common/ipc_channel_win.cc, line 346
[Child 13484, Chrome_ChildThread] WARNING: pi[GPU 17896, Chrom
###!!! [Child][MessageChannel::SendAndWait] Error: Channel error: cannot send/recv

 15708, Gecko_IOThread] WARNING: pipe error: 109: file z:/build/build/src/ipc/chromium/src/chrome/common/ipc_channel_win.cc, line 346
[Child 17264, Chrome_ChildThread] WARNING: pipe error: 109: file z:/build/build/src/ipc/chromium/src/chrome/common/ipc_channel_win.cc, line 346
[Child 17264, C[Parent 15708, Gecko_IOThread] WARNING: pipe error: 109: file z:/build/build/src/ipc/chromium/src/chrome/common/ipc_channel_win.cc, line 346
[Child 3060, Chrome_ChildThread] WARNING: pipe error: 109: file z:/build/build/src/ipc/chromium/src/chrome/common/ipc_channel_win.cc, line 346
[Child 3060, Chrome_Chil[Parent 15708, Gecko_IOThread] WARNING: pipe error: 109: file z:/build/build/src/ipc/chromium/src/chrome/common/ipc_channel_win.cc, line 346
[Child 22004, Chrome_ChildThread] WARNING: pipe error: 109: file z:/build/build/src/ipc/chromium/src/chrome/common/ipc_channel_win.cc, line 346
[Child 22004, Chrome_ChildThread] WARNING: p*** UTM:SVC TimerManager:registerTimer called after profile-before-change notification. Ignoring timer registration for id: telemetry_modules_ping

###!!! [Child][MessageChannel::SendAndWait] Error: Channel error: cannot send/recv

1533028902667	geckodriver	INFO	geckodriver 0.20.1
1533028902667	geckodriver	INFO	Listening on 127.0.0.1:64997
1533028903215	mozrunner::runner	INFO	Running command: "E:\\基本软件\\火狐\\firefox.exe" "-marionette" "-profile" "C:\\Users\\ASUS\\AppData\\Local\\Temp\\rust_mozprofile.eEZEQHSUuos9"
Unable to read VR Path Registry from C:\Users\ASUS\AppData\Local\openvr\openvrpaths.vrpath
Unable to read VR Path Registry from C:\Users\ASUS\AppData\Local\openvr\openvrpaths.vrpath
Unable to read VR Path Registry from C:\Users\ASUS\AppData\Local\openvr\openvrpaths.vrpath
Unable to read VR Path Registry from C:\Users\ASUS\AppData\Local\openvr\openvrpaths.vrpath
Unable to read VR Path Registry from C:\Users\ASUS\AppData\Local\openvr\openvrpaths.vrpath
1533028904751	Marionette	INFO	Listening on port 65002
1533028905404	Marionette	WARN	TLS certificate errors will be ignored for this session
[Parent 20004, Gecko_IOThread] WARNING: pipe error: 109: file z:/build/build/src/ipc/chromium/src/chrome/common/ipc_channel_win.cc, line 346
[Child 18296, Chrome_ChildThread] WARNING: pipe error: 109: file z:/build/build/src/ipc/chromium/src/chrome/common/ipc_channel_win.cc, line 346
[Child 18296, Chrome_ChildThread] WARNING: pipe error: 109: [Parent 20004, Gecko_IOThread] WARNING: pipe error: 109: file z:/build/build/src/ipc/chromium/src/chrome/common/ipc_channel_win.cc, line 346
[Child 17440, Chrome_ChildThread] WARNING: pipe error: 109: file z:/build/build/src/ipc/chromium/src/chrome/common/ipc_channel_win.cc, line 346
[Child 17440, Chrome_ChildThread] WA[Parent 20004, Gecko_IOThread] WARNING: pipe error: 109: file z:/build/build/src/ipc/chromium/src/chrome/common/ipc_channel_win.cc, line 346
[Child 22044, Chrome_ChildThread] WARNING: pipe error: 109: file z:/build/build/src/ipc/chromium/src/chrome/common/ipc_channel_win.cc, line 346
[Child 22044, Chrome_ChildThread] WARNING: *** UTM:SVC TimerManager:registerTimer called after profile-before-change notification. Ignoring timer registration for id: telemetry_modules_ping
[GPU 22204, 
###!!! [Child][MessageChannel::SendAndWait] Error: Channel error: cannot send/recv

1533028908287	geckodriver	INFO	geckodriver 0.20.1
1533028908295	geckodriver	INFO	Listening on 127.0.0.1:65043
1533028908836	mozrunner::runner	INFO	Running command: "E:\\基本软件\\火狐\\firefox.exe" "-marionette" "-profile" "C:\\Users\\ASUS\\AppData\\Local\\Temp\\rust_mozprofile.Z925eBKWkBq7"
Unable to read VR Path Registry from C:\Users\ASUS\AppData\Local\openvr\openvrpaths.vrpath
Unable to read VR Path Registry from C:\Users\ASUS\AppData\Local\openvr\openvrpaths.vrpath
Unable to read VR Path Registry from C:\Users\ASUS\AppData\Local\openvr\openvrpaths.vrpath
Unable to read VR Path Registry from C:\Users\ASUS\AppData\Local\openvr\openvrpaths.vrpath
Unable to read VR Path Registry from C:\Users\ASUS\AppData\Local\openvr\openvrpaths.vrpath
1533028910560	Marionette	INFO	Listening on port 65050
1533028910987	Marionette	WARN	TLS certificate errors will be ignored for this session
[Parent 1004, Gecko_IOThread] WARNING: pipe error: 109: file z:/build/build/src/ipc/chromium/src/chrome/common/ipc_channel_win.cc, line 346
[Child 22116, Chrome_ChildThread] WARNING: pipe error: 109: file z:/build/build/src/ipc/chromium/src/chrome/common/ipc_channel_win.cc, line 346
[Parent 1004, Gecko_IOThread] WARNING: pipe error: 109: file z:/build/build/src/ipc/chromium/src/chrome/common/ipc_channel_win.cc, line 346
[Child 16900, Chrome_ChildThread] WARNING: pipe error: 109: file z:/build/build/src/ipc/chromium/src/chrome/common/ipc_channel_win.cc, line 346
[Child 16900, Chrome_[Parent 1004, Gecko_IOThread] WARNING: pipe error: 109: file z:/build/build/src/ipc/chromium/src/chrome/common/ipc_channel_win.cc, line 346
*** UTM:SVC TimerManager:registerTimer called after profile-before-change notification. Ignoring timer registration for id: telemetry_modules_ping

###!!! [Child][MessageChannel::SendAndWait] Error: Channel error: cannot send/recv

1533028912918	geckodriver	INFO	geckodriver 0.20.1
1533028912918	geckodriver	INFO	Listening on 127.0.0.1:65093
1533028913467	mozrunner::runner	INFO	Running command: "E:\\基本软件\\火狐\\firefox.exe" "-marionette" "-profile" "C:\\Users\\ASUS\\AppData\\Local\\Temp\\rust_mozprofile.Af4vsLg7g4vM"
Unable to read VR Path Registry from C:\Users\ASUS\AppData\Local\openvr\openvrpaths.vrpath
Unable to read VR Path Registry from C:\Users\ASUS\AppData\Local\openvr\openvrpaths.vrpath
Unable to read VR Path Registry from C:\Users\ASUS\AppData\Local\openvr\openvrpaths.vrpath
Unable to read VR Path Registry from C:\Users\ASUS\AppData\Local\openvr\openvrpaths.vrpath
Unable to read VR Path Registry from C:\Users\ASUS\AppData\Local\openvr\openvrpaths.vrpath
1533028915107	Marionette	INFO	Listening on port 65098
1533028915603	Marionette	WARN	TLS certificate errors will be ignored for this session
[Child 7352, Chrome_ChildThread] WARNING: pipe error: 109: file z:/build/build/src/ipc/chromium/src/chrome/common/ipc_channel_win.cc, line 346
[Child 7352, Chrome_[Parent 20908, Gecko_IOThread] WARNING: pipe error: 109: file z:/build/build/src/ipc/chromium/src/chrome/common/ipc_channel_win.cc, line 346
[Child 6652, Chrome_ChildThread] WARNING: pipe error: 109: file z:/build/build/src/ipc/chromium/src/chrome/common/ipc_channel_win.cc, line 346
[Child 6652, Chrome_ChildThread] WAR[Parent 20908, Gecko_IOThread] WARNING: pipe error: 109: file z:/build/build/src/ipc/chromium/src/chrome/common/ipc_channel_win.cc, line 346
[Child 3092, Chrome_ChildThread] WARNING: pipe error: 109: file z:/build/build/src/ipc/chromium/src/chrome/common/ipc_channel_win.cc, line 346
[Child 3092, Chrome_Chi*** UTM:SVC TimerManager:registerTimer called after profile-before-change notification. Ignoring timer registration for id: telemetry_modules_ping
[GPU 22012, 
###!!! [Child][MessageChannel::SendAndWait] Error: Channel error: cannot send/recv

1533028917550	geckodriver	INFO	geckodriver 0.20.1
1533028917550	geckodriver	INFO	Listening on 127.0.0.1:65134
1533028918101	mozrunner::runner	INFO	Running command: "E:\\基本软件\\火狐\\firefox.exe" "-marionette" "-profile" "C:\\Users\\ASUS\\AppData\\Local\\Temp\\rust_mozprofile.PLdg6K9pU15w"
Unable to read VR Path Registry from C:\Users\ASUS\AppData\Local\openvr\openvrpaths.vrpath
Unable to read VR Path Registry from C:\Users\ASUS\AppData\Local\openvr\openvrpaths.vrpath
Unable to read VR Path Registry from C:\Users\ASUS\AppData\Local\openvr\openvrpaths.vrpath
Unable to read VR Path Registry from C:\Users\ASUS\AppData\Local\openvr\openvrpaths.vrpath
Unable to read VR Path Registry from C:\Users\ASUS\AppData\Local\openvr\openvrpaths.vrpath
1533028919638	Marionette	INFO	Listening on port 65141
1533028920283	Marionette	WARN	TLS certificate errors will be ignored for this session
[Parent 12112, Gecko_IOThread] WARNING: pipe error: 109: file z:/build/build/src/ipc/chromium/src/chrome/common/ipc_channel_win.cc, line 346
[Child 3132, Chrome_ChildThread] WARNING: pipe error: 109: file z:/build/build/src/ipc/chromium/src/chrome/common/ipc_channel_win.cc, line 346
[Child 3132, Chrome_ChildT[Child 17648, Chrome_ChildThread] WARNING: pipe error: 109: file z:/build/build/src/ipc/chromium/src/chrome/common/ipc_channel_win.cc, line 346
[Child 17648, Chrome_ChildThr[Parent 12112, Gecko_IOThread] WARNING: pipe error: 109: file z:/build/build/src/ipc/chromium/src/chrome/common/ipc_channel_win.cc, line 346
[Child 19980, Chrome_ChildThread] WARNING: pipe error: 109: file z:/build/build/src/ipc/chromium/src/chrome/common/ipc_channel_win.cc, line 346
[Child 19980, Chrome_*** UTM:SVC TimerManager:registerTimer called after profile-before-change notification. Ignoring timer registration for id: telemetry_modules_ping
[GPU 17016
###!!! [Child][MessageChannel::SendAndWait] Error: Channel error: cannot send/recv

1533028923131	geckodriver	INFO	geckodriver 0.20.1
1533028923131	geckodriver	INFO	Listening on 127.0.0.1:65184
1533028923696	mozrunner::runner	INFO	Running command: "E:\\基本软件\\火狐\\firefox.exe" "-marionette" "-profile" "C:\\Users\\ASUS\\AppData\\Local\\Temp\\rust_mozprofile.E9rhp0DO546j"
Unable to read VR Path Registry from C:\Users\ASUS\AppData\Local\openvr\openvrpaths.vrpath
Unable to read VR Path Registry from C:\Users\ASUS\AppData\Local\openvr\openvrpaths.vrpath
Unable to read VR Path Registry from C:\Users\ASUS\AppData\Local\openvr\openvrpaths.vrpath
Unable to read VR Path Registry from C:\Users\ASUS\AppData\Local\openvr\openvrpaths.vrpath
Unable to read VR Path Registry from C:\Users\ASUS\AppData\Local\openvr\openvrpaths.vrpath
1533028925179	Marionette	INFO	Listening on port 65189
1533028925870	Marionette	WARN	TLS certificate errors will be ignored for this session
[Parent 9168, Gecko_IOThread] WARNING: pipe error: 109: file z:/build/build/src/ipc/chromium/src/chrome/common/ipc_channel_win.cc, line 346
[Child 1288, Chrome_ChildThread] WARNING: pipe error: 109: file z:/build/build/src/ipc/chromium/src/chrome/common/ipc_channel_win.cc, line 346
[Child 1288, Chrome_ChildThread] WARNING:[Parent 9168, Gecko_IOThread] WARNING: pipe error: 109: file z:/build/build/src/ipc/chromium/src/chrome/common/ipc_channel_win.cc, line 346
[Child 12480, Chrome_ChildThread] WARNING: pipe error: 109: file z:/build/build/src/ipc/chromium/src/chrome/common/ipc_channel_win.cc, line 346
[Child 12480, Chrome_[Parent 9168, Gecko_IOThread] WARNING: pipe error: 109: file z:/build/build/src/ipc/chromium/src/chrome/common/ipc_channel_win.cc, line 346
*** UTM:SVC TimerManager:registerTimer called after profile-before-change notification. Ignoring timer registration for id: telemetry_modules_ping
[GPU 15328, Chrome
###!!! [Child][MessageChannel::SendAndWait] Error: Channel error: cannot send/recv

1533028927815	geckodriver	INFO	geckodriver 0.20.1
1533028927830	geckodriver	INFO	Listening on 127.0.0.1:65231
1533028928348	mozrunner::runner	INFO	Running command: "E:\\基本软件\\火狐\\firefox.exe" "-marionette" "-profile" "C:\\Users\\ASUS\\AppData\\Local\\Temp\\rust_mozprofile.XxVFpwxA9EnP"
Unable to read VR Path Registry from C:\Users\ASUS\AppData\Local\openvr\openvrpaths.vrpath
Unable to read VR Path Registry from C:\Users\ASUS\AppData\Local\openvr\openvrpaths.vrpath
Unable to read VR Path Registry from C:\Users\ASUS\AppData\Local\openvr\openvrpaths.vrpath
Unable to read VR Path Registry from C:\Users\ASUS\AppData\Local\openvr\openvrpaths.vrpath
Unable to read VR Path Registry from C:\Users\ASUS\AppData\Local\openvr\openvrpaths.vrpath
1533028930348	Marionette	INFO	Listening on port 65236
1533028930495	Marionette	WARN	TLS certificate errors will be ignored for this session
[Parent 16308, Gecko_IOThread] WARNING: pipe error: 109: file z:/build/build/src/ipc/chromium/src/chrome/common/ipc_channel_win.cc, line 346
[Child 20632, Chrome_ChildThread] WARNING: pipe error: 109: file z:/build/build/src/ipc/chromium/src/chrome/common/ipc_channel_win.cc, line 346
[Child 20632, Chr[Child 832, Chrome_ChildThread] WARNING: pipe error: 109: file z:/build/build/src/ipc/chromium/src/chrome/common/ipc_channel_win.cc, line 346
[Child 832, Chrome_ChildThread] WARNING: p[Parent 16308, Gecko_IOThread] WARNING: pipe error: 109: file z:/build/build/src/ipc/chromium/src/chrome/common/ipc_channel_win.cc, line 346
[Child 21656, Chrome_ChildThread] WARNING: pipe error: 109: file z:/build/build/src/ipc/chromium/src/chrome/common/ipc_channel_win.cc, line 346
[Child 21656, Chrome_*** UTM:SVC TimerManager:registerTimer called after profile-before-change notification. Ignoring timer registration for id: telemetry_modules_ping
[GPU 16904, Chrome
###!!! [Child][MessageChannel::SendAndWait] Error: Channel error: cannot send/recv

1533029067938	geckodriver	INFO	geckodriver 0.20.1
1533029067954	geckodriver	INFO	Listening on 127.0.0.1:65491
1533029068495	mozrunner::runner	INFO	Running command: "E:\\基本软件\\火狐\\firefox.exe" "-marionette" "-profile" "C:\\Users\\ASUS\\AppData\\Local\\Temp\\rust_mozprofile.RvPFvUYXDPZr"
Unable to read VR Path Registry from C:\Users\ASUS\AppData\Local\openvr\openvrpaths.vrpath
Unable to read VR Path Registry from C:\Users\ASUS\AppData\Local\openvr\openvrpaths.vrpath
Unable to read VR Path Registry from C:\Users\ASUS\AppData\Local\openvr\openvrpaths.vrpath
Unable to read VR Path Registry from C:\Users\ASUS\AppData\Local\openvr\openvrpaths.vrpath
Unable to read VR Path Registry from C:\Users\ASUS\AppData\Local\openvr\openvrpaths.vrpath
1533029070041	Marionette	INFO	Listening on port 65498
1533029070677	Marionette	WARN	TLS certificate errors will be ignored for this session
[Parent 21048, Gecko_IOThread] WARNING: pipe error: 109: file z:/build/build/src/ipc/chromium/src/chrome/common/ipc_channel_win.cc, line 346
[Child 20856, Chrome_ChildThread] WARNING: pipe error: 109: file z:/build/build/src/ipc/chromium/src/chrome/common/ipc_channel_win.cc, line 346
[Child 20856, Chrome_ChildThread] WARNING: pipe error: 109: fi[Parent 21048, Gecko_IOThread] WARNING: pipe error: 109: file z:/build/build/src/ipc/chromium/src/chrome/common/ipc_channel_win.cc, line 346
[Child 16208, Chrome_ChildThread] WARNING: pipe error: 109: file z:/build/build/src/ipc/chromium/src/chrome/common/ipc_channel_win.cc, line 346
[Child 1620[Parent 21048, Gecko_IOThread] WARNING: pipe error: 109: file z:/build/build/src/ipc/chromium/src/chrome/common/ipc_channel_win.cc, line 346
[Child 14560, Chrome_ChildThread] WARNING: pipe error: 109: file z:/build/build/src/ipc/chromium/src/chrome/common/ipc_channel_win.cc, line 346
[Child 14560, 
###!!! [Child][MessageChannel::SendAndWait] Error: Channel error: cannot send/recv

 346
[Child 17852, Chrome_ChildThread] WARNING: pipe error: 109: file z:/build/build/src/ipc/chromium/src/chrome/common/ipc_channel_win.cc, line 346
[Child 17852, Chrome_ChildThread[Parent 5340, Gecko_IOThread] WARNING: pipe error: 109: file z:/build/build/src/ipc/chromium/src/chrome/common/ipc_channel_win.cc, line 346
[Child 13788, Chrome_ChildThread] WARNING: pipe error: 109: file z:/build/build/src/ipc/chromium/src/chrome/common/ipc_channel_win.cc, line 346
[Child 13788, Chrome_ChildThr[Parent 5340, Gecko_IOThread] WARNING: pipe error: 109: file z:/build/build/src/ipc/chromium/src/chrome/common/ipc_channel_win.cc, line 346
[Child 20376, Chrome_ChildThread] WARNING: pipe error: 109: file z:/build/build/src/ipc/chromium/src/chrome/common/ipc_channel_win.cc, line 346
[Child 20376, Chrome_C*** UTM:SVC TimerManager:registerTimer called after profile-before-change notification. Ignoring timer registration for id: telemetry_modules_ping
[GPU 10720, Chrome_ChildThread] 
###!!! [Child][MessageChannel::SendAndWait] Error: Channel error: cannot send/recv

1533029201059	geckodriver	INFO	geckodriver 0.20.1
1533029201059	geckodriver	INFO	Listening on 127.0.0.1:49397
1533029201622	mozrunner::runner	INFO	Running command: "E:\\基本软件\\火狐\\firefox.exe" "-marionette" "-profile" "C:\\Users\\ASUS\\AppData\\Local\\Temp\\rust_mozprofile.RdJZ50XuYL7x"
Unable to read VR Path Registry from C:\Users\ASUS\AppData\Local\openvr\openvrpaths.vrpath
Unable to read VR Path Registry from C:\Users\ASUS\AppData\Local\openvr\openvrpaths.vrpath
Unable to read VR Path Registry from C:\Users\ASUS\AppData\Local\openvr\openvrpaths.vrpath
Unable to read VR Path Registry from C:\Users\ASUS\AppData\Local\openvr\openvrpaths.vrpath
Unable to read VR Path Registry from C:\Users\ASUS\AppData\Local\openvr\openvrpaths.vrpath
1533029203131	Marionette	INFO	Listening on port 49406
1533029203779	Marionette	WARN	TLS certificate errors will be ignored for this session
[Parent 13396, Gecko_IOThread] WARNING: pipe error: 109: file z:/build/build/src/ipc/chromium/src/chrome/common/ipc_channel_win.cc, line 346
[Child 19284, Chrome_ChildThread] WARNING: pipe error: 109: file z:/build/build/src/ipc/chromium/src/chrome/common/ipc_channel_win.cc, line 346
[Child 19284, Chrome_ChildT[Child 18776, Chrome_ChildThread] WARNING: pipe error: 109: file z:/build/build/src/ipc/chromium/src/chrome/common/ipc_channel_win.cc, line 346
[Child 18776, Chrome_ChildThread[Parent 13396, Gecko_IOThread] WARNING: pipe error: 109: file z:/build/build/src/ipc/chromium/src/chrome/common/ipc_channel_win.cc, line 346
[Child 13176, Chrome_ChildThread] WARNING: pipe error: 109: file z:/build/build/src/ipc/chromium/src/chrome/common/ipc_channel_win.cc, line 346
[Child 13176, Chrome_ChildThread] WARNI*** UTM:SVC TimerManager:registerTimer called after profile-before-change notification. Ignoring timer registration for id: telemetry_modules_ping
[GPU
###!!! [Child][MessageChannel::SendAndWait] Error: Channel error: cannot send/recv

1533029206444	geckodriver	INFO	geckodriver 0.20.1
1533029206459	geckodriver	INFO	Listening on 127.0.0.1:49448
1533029207024	mozrunner::runner	INFO	Running command: "E:\\基本软件\\火狐\\firefox.exe" "-marionette" "-profile" "C:\\Users\\ASUS\\AppData\\Local\\Temp\\rust_mozprofile.gmqfIWQwrY7Q"
Unable to read VR Path Registry from C:\Users\ASUS\AppData\Local\openvr\openvrpaths.vrpath
Unable to read VR Path Registry from C:\Users\ASUS\AppData\Local\openvr\openvrpaths.vrpath
Unable to read VR Path Registry from C:\Users\ASUS\AppData\Local\openvr\openvrpaths.vrpath
IPDL protocol error: Handler returned error code!

###!!! [Parent][DispatchAsyncMessage] Error: PLayerTransaction::Msg_ReleaseLayer Processing error: message was deserialized, but the handler returned false (indicating failure)

Unable to read VR Path Registry from C:\Users\ASUS\AppData\Local\openvr\openvrpaths.vrpath
Unable to read VR Path Registry from C:\Users\ASUS\AppData\Local\openvr\openvrpaths.vrpath
1533029208565	Marionette	INFO	Listening on port 49453
1533029209179	Marionette	WARN	TLS certificate errors will be ignored for this session
[Parent 18796, Gecko_IOThread] WARNING: pipe error: 109: file z:/build/build/src/ipc/chromium/src/chrome/common/ipc_channel_win.cc, line 346
[Child 15104, Chrome_ChildThread] WARNING: pipe error: 109: file z:/build/build/src/ipc/chromium/src/chrome/common/ipc_channel_win.cc, line 346
[Child 15104, Chrome[Child 15840, Chrome_ChildThread] WARNING: pipe error: 109: file z:/build/build/src/ipc/chromium/src/chrome/common/ipc_channel_win.cc, line 346
[Child 15840, Chrome_C[Parent 18796, Gecko_IOThread] WARNING: pipe error: 109: file z:/build/build/src/ipc/chromium/src/chrome/common/ipc_channel_win.cc, line 346
[Child 20496, Chrome_ChildThread] WARNING: pipe error: 109: file z:/build/build/src/ipc/chromium/src/chrome/common/ipc_channel_win.cc, line 346
[Child 20496, Chrome_Ch*** UTM:SVC TimerManager:registerTimer called after profile-before-change notification. Ignoring timer registration for id: telemetry_modules_ping
[GPU 17584, Chrome_C
###!!! [Child][MessageChannel::SendAndWait] Error: Channel error: cannot send/recv

1533029211258	geckodriver	INFO	geckodriver 0.20.1
1533029211258	geckodriver	INFO	Listening on 127.0.0.1:49496
1533029211803	mozrunner::runner	INFO	Running command: "E:\\基本软件\\火狐\\firefox.exe" "-marionette" "-profile" "C:\\Users\\ASUS\\AppData\\Local\\Temp\\rust_mozprofile.uNuSbrpt3NSE"
Unable to read VR Path Registry from C:\Users\ASUS\AppData\Local\openvr\openvrpaths.vrpath
Unable to read VR Path Registry from C:\Users\ASUS\AppData\Local\openvr\openvrpaths.vrpath
Unable to read VR Path Registry from C:\Users\ASUS\AppData\Local\openvr\openvrpaths.vrpath
Unable to read VR Path Registry from C:\Users\ASUS\AppData\Local\openvr\openvrpaths.vrpath
Unable to read VR Path Registry from C:\Users\ASUS\AppData\Local\openvr\openvrpaths.vrpath
1533029213352	Marionette	INFO	Listening on port 49501
1533029213995	Marionette	WARN	TLS certificate errors will be ignored for this session
[Parent 16552, Gecko_IOThread] WARNING: pipe error: 109: file z:/build/build/src/ipc/chromium/src/chrome/common/ipc_channel_win.cc, line 346
[Child 21900, Chrome_ChildThread] WARNING: pipe error: 109: file z:/build/build/src/ipc/chromium/src/chrome/common/ipc_channel_win.cc, line 346
[Child 21900, Chrome_ChildThread] WARNING:[Parent 16552, Gecko_IOThread] WARNING: pipe error: 109: file z:/build/build/src/ipc/chromium/src/chrome/common/ipc_channel_win.cc, line 346
[Child 20860, Chrome_ChildThread] WARNING: pipe error: 109: file z:/build/build/src/ipc/chromium/src/chrome/common/ipc_channel_win.cc, line 346
[Child 20860, Chrome_ChildTh[Parent 16552, Gecko_IOThread] WARNING: pipe error: 109: file z:/build/build/src/ipc/chromium/src/chrome/common/ipc_channel_win.cc, line 346
[Child 14088, Chrome_ChildThread] WARNING: pipe error: 109: file z:/build/build/src/ipc/chromium/src/chrome/common/ipc_channel_win.cc, line 346
[Child 14088, Chrome*** UTM:SVC TimerManager:registerTimer called after profile-before-change notification. Ignoring timer registration for id: telemetry_modules_ping
[GPU 19168, Chrome_Chil
###!!! [Child][MessageChannel::SendAndWait] Error: Channel error: cannot send/recv

1533029215842	geckodriver	INFO	geckodriver 0.20.1
1533029215842	geckodriver	INFO	Listening on 127.0.0.1:49538
1533029216374	mozrunner::runner	INFO	Running command: "E:\\基本软件\\火狐\\firefox.exe" "-marionette" "-profile" "C:\\Users\\ASUS\\AppData\\Local\\Temp\\rust_mozprofile.isnf6gcp6IYF"
Unable to read VR Path Registry from C:\Users\ASUS\AppData\Local\openvr\openvrpaths.vrpath
Unable to read VR Path Registry from C:\Users\ASUS\AppData\Local\openvr\openvrpaths.vrpath
Unable to read VR Path Registry from C:\Users\ASUS\AppData\Local\openvr\openvrpaths.vrpath
Unable to read VR Path Registry from C:\Users\ASUS\AppData\Local\openvr\openvrpaths.vrpath
Unable to read VR Path Registry from C:\Users\ASUS\AppData\Local\openvr\openvrpaths.vrpath
1533029218052	Marionette	INFO	Listening on port 49545
1533029218528	Marionette	WARN	TLS certificate errors will be ignored for this session
[Child 16728, Chrome_ChildThread] WARNING: pipe error: 109: file z:/build/build/src/ipc/chromium/src/chrome/common/ipc_channel_win.cc, line 346
[Child 16728, Chrome_ChildThread][Parent 9556, Gecko_IOThread] WARNING: pipe error: 109: file z:/build/build/src/ipc/chromium/src/chrome/common/ipc_channel_win.cc, line 346
[Child 21404, Chrome_ChildThread] WARNING: pipe error: 109: file z:/build/build/src/ipc/chromium/src/chrome/common/ipc_channel_win.cc, line 346
[Child 21404, Chrome_ChildThread] WARNI[Parent 9556, Gecko_IOThread] WARNING: pipe error: 109: file z:/build/build/src/ipc/chromium/src/chrome/common/ipc_channel_win.cc, line 346
[Child 20516, Chrome_ChildThread] WARNING: pipe error: 109: file z:/build/build/src/ipc/chromium/src/chrome/common/ipc_channel_win.cc, line 346
[Child 20516, Chrome_Ch*** UTM:SVC TimerManager:registerTimer called after profile-before-change notification. Ignoring timer registration for id: telemetry_modules_ping
[GPU 21744, Chrome_ChildThread
###!!! [Child][MessageChannel::SendAndWait] Error: Channel error: cannot send/recv

1533029220472	geckodriver	INFO	geckodriver 0.20.1
1533029220488	geckodriver	INFO	Listening on 127.0.0.1:49583
1533029221014	mozrunner::runner	INFO	Running command: "E:\\基本软件\\火狐\\firefox.exe" "-marionette" "-profile" "C:\\Users\\ASUS\\AppData\\Local\\Temp\\rust_mozprofile.v28K0JvsloGE"
Unable to read VR Path Registry from C:\Users\ASUS\AppData\Local\openvr\openvrpaths.vrpath
Unable to read VR Path Registry from C:\Users\ASUS\AppData\Local\openvr\openvrpaths.vrpath
Unable to read VR Path Registry from C:\Users\ASUS\AppData\Local\openvr\openvrpaths.vrpath
Unable to read VR Path Registry from C:\Users\ASUS\AppData\Local\openvr\openvrpaths.vrpath
Unable to read VR Path Registry from C:\Users\ASUS\AppData\Local\openvr\openvrpaths.vrpath
1533029222570	Marionette	INFO	Listening on port 49588
1533029223193	Marionette	WARN	TLS certificate errors will be ignored for this session
[Parent 12408, Gecko_IOThread] WARNING: pipe error: 109: file z:/build/build/src/ipc/chromium/src/chrome/common/ipc_channel_win.cc, line 346
[Child 16920, Chrome_ChildThread] WARNING: pipe error: 109: file z:/build/build/src/ipc/chromium/src/chrome/common/ipc_channel_win.cc, line 346
[Child 16920, Chrome_ChildThread] WARNING:[Parent 12408, Gecko_IOThread] WARNING: pipe error: 109: file z:/build/build/src/ipc/chromium/src/chrome/common/ipc_channel_win.cc, line 346
[Child 16448, Chrome_ChildThread] WARNING: pipe error: 109: file z:/build/build/src/ipc/chromium/src/chrome/common/ipc_channel_win.cc, line 346
[Child 16448, Chrome_Ch[Parent 12408, Gecko_IOThread] WARNING: pipe error: 109: file z:/build/build/src/ipc/chromium/src/chrome/common/ipc_channel_win.cc, line 346
[Child 12168, Chrome_ChildThread] WARNING: pipe error: 109: file z:/build/build/src/ipc/chromium/src/chrome/common/ipc_channel_win.cc, line 346
[Child 12168, Chrome_ChildThread] WARNING: pipe error: 109: file z:/build/build/src/ipc/chromium/sr*** UTM:SVC TimerManager:registerTimer called after profile-before-change notification. Ignoring timer registration for id: telemetry_modules_ping
[GPU 16172, Chrome_Ch
###!!! [Child][MessageChannel::SendAndWait] Error: Channel error: cannot send/recv

1533029225261	geckodriver	INFO	geckodriver 0.20.1
1533029225269	geckodriver	INFO	Listening on 127.0.0.1:49628
1533029225820	mozrunner::runner	INFO	Running command: "E:\\基本软件\\火狐\\firefox.exe" "-marionette" "-profile" "C:\\Users\\ASUS\\AppData\\Local\\Temp\\rust_mozprofile.bTMBsT3TMSO5"
Unable to read VR Path Registry from C:\Users\ASUS\AppData\Local\openvr\openvrpaths.vrpath
Unable to read VR Path Registry from C:\Users\ASUS\AppData\Local\openvr\openvrpaths.vrpath
Unable to read VR Path Registry from C:\Users\ASUS\AppData\Local\openvr\openvrpaths.vrpath
Unable to read VR Path Registry from C:\Users\ASUS\AppData\Local\openvr\openvrpaths.vrpath
Unable to read VR Path Registry from C:\Users\ASUS\AppData\Local\openvr\openvrpaths.vrpath
1533029227463	Marionette	INFO	Listening on port 49635
1533029227991	Marionette	WARN	TLS certificate errors will be ignored for this session
[Parent 16404, Gecko_IOThread] WARNING: pipe error: 109: file z:/build/build/src/ipc/chromium/src/chrome/common/ipc_channel_win.cc, line 346
[Child 13768, Chrome_ChildThread] WARNING: pipe error: 109: file z:/build/build/src/ipc/chromium/src/chrome/common/ipc_channel_win.cc, line 346
[Child 13768, Chrome[Child 9064, Chrome_ChildThread] WARNING: pipe error: 109: file z:/build/build/src/ipc/chromium/src/chrome/common/ipc_channel_win.cc, line 346
[Child 9064, Chrome_ChildT[Parent 16404, Gecko_IOThread] WARNING: pipe error: 109: file z:/build/build/src/ipc/chromium/src/chrome/common/ipc_channel_win.cc, line 346
[Child 15744, Chrome_ChildThread] WARNING: pipe error: 109: file z:/build/build/src/ipc/chromium/src/chrome/common/ipc_channel_win.cc, line 346
[Child 15744, Chrome_ChildThread] WARNING: pipe error: 109: *** UTM:SVC TimerManager:registerTimer called after profile-before-change notification. Ignoring timer registration for id: telemetry_modules_ping
[GPU 20304, Chrom
###!!! [Child][MessageChannel::SendAndWait] Error: Channel error: cannot send/recv

1533029416130	geckodriver	INFO	geckodriver 0.20.1
1533029416138	geckodriver	INFO	Listening on 127.0.0.1:49995
1533029416686	mozrunner::runner	INFO	Running command: "E:\\基本软件\\火狐\\firefox.exe" "-marionette" "-profile" "C:\\Users\\ASUS\\AppData\\Local\\Temp\\rust_mozprofile.svqsZPlbHSaf"
Unable to read VR Path Registry from C:\Users\ASUS\AppData\Local\openvr\openvrpaths.vrpath
Unable to read VR Path Registry from C:\Users\ASUS\AppData\Local\openvr\openvrpaths.vrpath
Unable to read VR Path Registry from C:\Users\ASUS\AppData\Local\openvr\openvrpaths.vrpath
Unable to read VR Path Registry from C:\Users\ASUS\AppData\Local\openvr\openvrpaths.vrpath
Unable to read VR Path Registry from C:\Users\ASUS\AppData\Local\openvr\openvrpaths.vrpath
1533029418240	Marionette	INFO	Listening on port 50000
1533029418820	Marionette	WARN	TLS certificate errors will be ignored for this session
[Child 20356, Chrome_ChildThread] WARNING: pipe error: 109: file z:/build/build/src/ipc/chromium/src/chrome/common/ipc_channel_win.cc, line 346
[Child 20356, Chrome_[Parent 1204, Gecko_IOThread] WARNING: pipe error: 109: file z:/build/build/src/ipc/chromium/src/chrome/common/ipc_channel_win.cc, line 346
[Child 17896, Chrome_ChildThread] WARNING: pipe error: 109: file z:/build/build/src/ipc/chromium/src/chrome/common/ipc_channel_win.cc, line 346
[Child 1[Parent 1204, Gecko_IOThread] WARNING: pipe error: 109: file z:/build/build/src/ipc/chromium/src/chrome/common/ipc_channel_win.cc, line 346
*** UTM:SVC TimerManager:registerTimer called after profile-before-change notification. Ignoring timer registration for id: telemetry_modules_ping
[GPU 21556, Chrome_ChildThr
###!!! [Child][MessageChannel::SendAndWait] Error: Channel error: cannot send/recv

1533029455468	geckodriver	INFO	geckodriver 0.20.1
1533029455476	geckodriver	INFO	Listening on 127.0.0.1:50092
1533029456012	mozrunner::runner	INFO	Running command: "E:\\基本软件\\火狐\\firefox.exe" "-marionette" "-profile" "C:\\Users\\ASUS\\AppData\\Local\\Temp\\rust_mozprofile.6GLoOhKBJfhN"
Unable to read VR Path Registry from C:\Users\ASUS\AppData\Local\openvr\openvrpaths.vrpath
Unable to read VR Path Registry from C:\Users\ASUS\AppData\Local\openvr\openvrpaths.vrpath
Unable to read VR Path Registry from C:\Users\ASUS\AppData\Local\openvr\openvrpaths.vrpath
Unable to read VR Path Registry from C:\Users\ASUS\AppData\Local\openvr\openvrpaths.vrpath
Unable to read VR Path Registry from C:\Users\ASUS\AppData\Local\openvr\openvrpaths.vrpath
1533029457538	Marionette	INFO	Listening on port 50101
1533029458153	Marionette	WARN	TLS certificate errors will be ignored for this session
[Parent 14964, Gecko_IOThread] WARNING: pipe error: 109: file z:/build/build/src/ipc/chromium/src/chrome/common/ipc_channel_win.cc, line 346
[Child 13432, Chrome_ChildThread] WARNING: pipe error: 109: file z:/build/build/src/ipc/chromium/src/chrome/common/ipc_channel_win.cc, line 346
[Child 13432, Chrome[Child 17440, Chrome_ChildThread] WARNING: pipe error: 109: file z:/build/build/src/ipc/chromium/src/chrome/common/ipc_channel_win.cc, line 346
[Child 17440, Chrome_C[Parent 14964, Gecko_IOThread] WARNING: pipe error: 109: file z:/build/build/src/ipc/chromium/src/chrome/common/ipc_channel_win.cc, line 346
[Child 21764, Chrome_ChildThread] WARNING: pipe error: 109: file z:/build/build/src/ipc/chromium/src/chrome/common/ipc_channel_win.cc, line 346
[Child 21764, Chrome*** UTM:SVC TimerManager:registerTimer called after profile-before-change notification. Ignoring timer registration for id: telemetry_modules_ping
[GPU 5668, Chrome_ChildThread] WARNING: pipe error: 109: file z:/build
###!!! [Child][MessageChannel::SendAndWait] Error: Channel error: cannot send/recv

1533031644141	geckodriver	INFO	geckodriver 0.20.1
1533031644150	geckodriver	INFO	Listening on 127.0.0.1:53719
1533031644687	mozrunner::runner	INFO	Running command: "E:\\基本软件\\火狐\\firefox.exe" "-marionette" "-profile" "C:\\Users\\ASUS\\AppData\\Local\\Temp\\rust_mozprofile.xETc5Y8CcvB7"
Unable to read VR Path Registry from C:\Users\ASUS\AppData\Local\openvr\openvrpaths.vrpath
Unable to read VR Path Registry from C:\Users\ASUS\AppData\Local\openvr\openvrpaths.vrpath
Unable to read VR Path Registry from C:\Users\ASUS\AppData\Local\openvr\openvrpaths.vrpath
Unable to read VR Path Registry from C:\Users\ASUS\AppData\Local\openvr\openvrpaths.vrpath
Unable to read VR Path Registry from C:\Users\ASUS\AppData\Local\openvr\openvrpaths.vrpath
1533031646544	Marionette	INFO	Listening on port 53724
1533031646846	Marionette	WARN	TLS certificate errors will be ignored for this session
[Parent 13804, Gecko_IOThread] WARNING: pipe error: 109: file z:/build/build/src/ipc/chromium/src/chrome/common/ipc_channel_win.cc, line 346
[Parent 13804, Gecko_IOThread] WARNING: pipe error: 109: file z:/build/build/src/ipc/chromium/src/chrome/common/ipc_channel_win.cc, line 346
[Child 21888, Chrome_ChildThread] WARNING: pipe error: 109: file z:/build/build/src/ipc/chromium/src/chrome/common/ipc_channel_win.cc, line 346
[Child 21888, Chrome_ChildThread] WARNING: pipe error: 109: file z:/[Child 20272, Chrome_ChildThread] WARNING: pipe error: 109: file z:/build/build/src/ipc/chromium/src/chrome/common/ipc_channel_win.cc, line 346
[Child 20272, Chrom[Parent 13804, Gecko_IOThread] WARNING: pipe error: 109: file z:/build/build/src/ipc/chromium/src/chrome/common/ipc_channel_win.cc, line 346
[Child 7840, Chrome_ChildThread] WARNING: pipe error: 109: file z:/build/build/src/ipc/chromium/src/chrome/common/ipc_channel_win.cc, line 346
[Child 7840, Chrome_C*** UTM:SVC TimerManager:registerTimer called after profile-before-change notification. Ignoring timer registration for id: telemetry_modules_ping
[GPU 20240, Chrome_ChildThread] WARNING: pipe error: 109: fil
###!!! [Child][MessageChannel::SendAndWait] Error: Channel error: cannot send/recv

